Determining if the pthread_create exist failed with the following output:
Change Dir: /home/wyliao/Desktop/compsci403_assignment6/build/CMakeFiles/CMakeTmp

Run Build Command:"/usr/bin/make" "cmTC_ab51b/fast"
make[1]: Entering directory '/home/wyliao/Desktop/compsci403_assignment6/build/CMakeFiles/CMakeTmp'
/usr/bin/make -f CMakeFiles/cmTC_ab51b.dir/build.make CMakeFiles/cmTC_ab51b.dir/build
make[2]: Entering directory '/home/wyliao/Desktop/compsci403_assignment6/build/CMakeFiles/CMakeTmp'
Building C object CMakeFiles/cmTC_ab51b.dir/CheckSymbolExists.c.o
/usr/bin/cc     -o CMakeFiles/cmTC_ab51b.dir/CheckSymbolExists.c.o   -c /home/wyliao/Desktop/compsci403_assignment6/build/CMakeFiles/CMakeTmp/CheckSymbolExists.c
Linking C executable cmTC_ab51b
/usr/bin/cmake -E cmake_link_script CMakeFiles/cmTC_ab51b.dir/link.txt --verbose=1
/usr/bin/cc       CMakeFiles/cmTC_ab51b.dir/CheckSymbolExists.c.o  -o cmTC_ab51b -rdynamic 
CMakeFiles/cmTC_ab51b.dir/CheckSymbolExists.c.o: In function `main':
CheckSymbolExists.c:(.text+0x16): undefined reference to `pthread_create'
collect2: error: ld returned 1 exit status
CMakeFiles/cmTC_ab51b.dir/build.make:97: recipe for target 'cmTC_ab51b' failed
make[2]: *** [cmTC_ab51b] Error 1
make[2]: Leaving directory '/home/wyliao/Desktop/compsci403_assignment6/build/CMakeFiles/CMakeTmp'
Makefile:126: recipe for target 'cmTC_ab51b/fast' failed
make[1]: *** [cmTC_ab51b/fast] Error 2
make[1]: Leaving directory '/home/wyliao/Desktop/compsci403_assignment6/build/CMakeFiles/CMakeTmp'

File /home/wyliao/Desktop/compsci403_assignment6/build/CMakeFiles/CMakeTmp/CheckSymbolExists.c:
/* */
#include <pthread.h>

int main(int argc, char** argv)
{
  (void)argv;
#ifndef pthread_create
  return ((int*)(&pthread_create))[argc];
#else
  (void)argc;
  return 0;
#endif
}

Determining if the function pthread_create exists in the pthreads failed with the following output:
Change Dir: /home/wyliao/Desktop/compsci403_assignment6/build/CMakeFiles/CMakeTmp

Run Build Command:"/usr/bin/make" "cmTC_d7d8f/fast"
make[1]: Entering directory '/home/wyliao/Desktop/compsci403_assignment6/build/CMakeFiles/CMakeTmp'
/usr/bin/make -f CMakeFiles/cmTC_d7d8f.dir/build.make CMakeFiles/cmTC_d7d8f.dir/build
make[2]: Entering directory '/home/wyliao/Desktop/compsci403_assignment6/build/CMakeFiles/CMakeTmp'
Building C object CMakeFiles/cmTC_d7d8f.dir/CheckFunctionExists.c.o
/usr/bin/cc    -DCHECK_FUNCTION_EXISTS=pthread_create   -o CMakeFiles/cmTC_d7d8f.dir/CheckFunctionExists.c.o   -c /usr/share/cmake-3.5/Modules/CheckFunctionExists.c
Linking C executable cmTC_d7d8f
/usr/bin/cmake -E cmake_link_script CMakeFiles/cmTC_d7d8f.dir/link.txt --verbose=1
/usr/bin/cc   -DCHECK_FUNCTION_EXISTS=pthread_create    CMakeFiles/cmTC_d7d8f.dir/CheckFunctionExists.c.o  -o cmTC_d7d8f -rdynamic -lpthreads 
/usr/bin/ld: cannot find -lpthreads
collect2: error: ld returned 1 exit status
CMakeFiles/cmTC_d7d8f.dir/build.make:97: recipe for target 'cmTC_d7d8f' failed
make[2]: *** [cmTC_d7d8f] Error 1
make[2]: Leaving directory '/home/wyliao/Desktop/compsci403_assignment6/build/CMakeFiles/CMakeTmp'
Makefile:126: recipe for target 'cmTC_d7d8f/fast' failed
make[1]: *** [cmTC_d7d8f/fast] Error 2
make[1]: Leaving directory '/home/wyliao/Desktop/compsci403_assignment6/build/CMakeFiles/CMakeTmp'


