Determining if the pthread_create exist failed with the following output:
Change Dir: /home/wyliao/Desktop/compsci403_assignment4/build/CMakeFiles/CMakeTmp

Run Build Command:"/usr/bin/make" "cmTC_12c16/fast"
make[1]: Entering directory '/home/wyliao/Desktop/compsci403_assignment4/build/CMakeFiles/CMakeTmp'
/usr/bin/make -f CMakeFiles/cmTC_12c16.dir/build.make CMakeFiles/cmTC_12c16.dir/build
make[2]: Entering directory '/home/wyliao/Desktop/compsci403_assignment4/build/CMakeFiles/CMakeTmp'
Building C object CMakeFiles/cmTC_12c16.dir/CheckSymbolExists.c.o
/usr/bin/cc     -o CMakeFiles/cmTC_12c16.dir/CheckSymbolExists.c.o   -c /home/wyliao/Desktop/compsci403_assignment4/build/CMakeFiles/CMakeTmp/CheckSymbolExists.c
Linking C executable cmTC_12c16
/usr/bin/cmake -E cmake_link_script CMakeFiles/cmTC_12c16.dir/link.txt --verbose=1
/usr/bin/cc       CMakeFiles/cmTC_12c16.dir/CheckSymbolExists.c.o  -o cmTC_12c16 -rdynamic 
CMakeFiles/cmTC_12c16.dir/CheckSymbolExists.c.o: In function `main':
CheckSymbolExists.c:(.text+0x16): undefined reference to `pthread_create'
collect2: error: ld returned 1 exit status
CMakeFiles/cmTC_12c16.dir/build.make:97: recipe for target 'cmTC_12c16' failed
make[2]: *** [cmTC_12c16] Error 1
make[2]: Leaving directory '/home/wyliao/Desktop/compsci403_assignment4/build/CMakeFiles/CMakeTmp'
Makefile:126: recipe for target 'cmTC_12c16/fast' failed
make[1]: *** [cmTC_12c16/fast] Error 2
make[1]: Leaving directory '/home/wyliao/Desktop/compsci403_assignment4/build/CMakeFiles/CMakeTmp'

File /home/wyliao/Desktop/compsci403_assignment4/build/CMakeFiles/CMakeTmp/CheckSymbolExists.c:
/* */
#include <pthread.h>

int main(int argc, char** argv)
{
  (void)argv;
#ifndef pthread_create
  return ((int*)(&pthread_create))[argc];
#else
  (void)argc;
  return 0;
#endif
}

Determining if the function pthread_create exists in the pthreads failed with the following output:
Change Dir: /home/wyliao/Desktop/compsci403_assignment4/build/CMakeFiles/CMakeTmp

Run Build Command:"/usr/bin/make" "cmTC_c12c7/fast"
make[1]: Entering directory '/home/wyliao/Desktop/compsci403_assignment4/build/CMakeFiles/CMakeTmp'
/usr/bin/make -f CMakeFiles/cmTC_c12c7.dir/build.make CMakeFiles/cmTC_c12c7.dir/build
make[2]: Entering directory '/home/wyliao/Desktop/compsci403_assignment4/build/CMakeFiles/CMakeTmp'
Building C object CMakeFiles/cmTC_c12c7.dir/CheckFunctionExists.c.o
/usr/bin/cc    -DCHECK_FUNCTION_EXISTS=pthread_create   -o CMakeFiles/cmTC_c12c7.dir/CheckFunctionExists.c.o   -c /usr/share/cmake-3.5/Modules/CheckFunctionExists.c
Linking C executable cmTC_c12c7
/usr/bin/cmake -E cmake_link_script CMakeFiles/cmTC_c12c7.dir/link.txt --verbose=1
/usr/bin/cc   -DCHECK_FUNCTION_EXISTS=pthread_create    CMakeFiles/cmTC_c12c7.dir/CheckFunctionExists.c.o  -o cmTC_c12c7 -rdynamic -lpthreads 
/usr/bin/ld: cannot find -lpthreads
collect2: error: ld returned 1 exit status
CMakeFiles/cmTC_c12c7.dir/build.make:97: recipe for target 'cmTC_c12c7' failed
make[2]: *** [cmTC_c12c7] Error 1
make[2]: Leaving directory '/home/wyliao/Desktop/compsci403_assignment4/build/CMakeFiles/CMakeTmp'
Makefile:126: recipe for target 'cmTC_c12c7/fast' failed
make[1]: *** [cmTC_c12c7/fast] Error 2
make[1]: Leaving directory '/home/wyliao/Desktop/compsci403_assignment4/build/CMakeFiles/CMakeTmp'


